#
# There is insufficient memory for the Java Runtime Environment to continue.
# Native memory allocation (mmap) failed to map 132120576 bytes for G1 virtual space
# Possible reasons:
#   The system is out of physical RAM or swap space
#   The process is running with CompressedOops enabled, and the Java Heap may be blocking the growth of the native heap
# Possible solutions:
#   Reduce memory load on the system
#   Increase physical memory or swap space
#   Check if swap backing store is full
#   Decrease Java heap size (-Xmx/-Xms)
#   Decrease number of Java threads
#   Decrease Java thread stack sizes (-Xss)
#   Set larger code cache with -XX:ReservedCodeCacheSize=
#   JVM is running with Unscaled Compressed Oops mode in which the Java heap is
#     placed in the first 4GB address space. The Java Heap base address is the
#     maximum limit for the native heap growth. Please use -XX:HeapBaseMinAddress
#     to set the Java Heap base and to place the Java Heap above 4GB virtual address.
# This output file may be truncated or incomplete.
#
#  Out of Memory Error (./open/src/hotspot/os/windows/os_windows.cpp:3321), pid=11820, tid=6360
#
# JRE version:  (15.0.2+7) (build )
# Java VM: Java HotSpot(TM) 64-Bit Server VM (15.0.2+7-27, mixed mode, sharing, tiered, compressed oops, g1 gc, windows-amd64)
# No core dump will be written. Minidumps are not enabled by default on client versions of Windows
#

---------------  S U M M A R Y ------------

Command Line: --module-path=D:\javafx-sdk-16\lib --add-modules=javafx.controls,javafx.fxml -Dfile.encoding=Cp1252 -XX:+ShowCodeDetailsInExceptionMessages test.Main

Host: Intel(R) Core(TM) i5-8250U CPU @ 1.60GHz, 8 cores, 7G,  Windows 10 , 64 bit Build 18362 (10.0.18362.1500)
Time: Mon May 10 21:55:09 2021 SE Asia Standard Time elapsed time: 0.014605 seconds (0d 0h 0m 0s)

---------------  T H R E A D  ---------------

Current thread (0x00000219ffb72550):  JavaThread "Unknown thread" [_thread_in_vm, id=6360, stack(0x000000bce4d00000,0x000000bce4e00000)]

Stack: [0x000000bce4d00000,0x000000bce4e00000]
Native frames: (J=compiled Java code, j=interpreted, Vv=VM code, C=native code)
V  [jvm.dll+0x62ae9a]
V  [jvm.dll+0x7817a9]
V  [jvm.dll+0x782f03]
V  [jvm.dll+0x783563]
V  [jvm.dll+0x216325]
V  [jvm.dll+0x6281d9]
V  [jvm.dll+0x61cf55]
V  [jvm.dll+0x2cffdd]
V  [jvm.dll+0x2cfe42]
V  [jvm.dll+0x2d5e1c]
V  [jvm.dll+0x32590a]
V  [jvm.dll+0x324fd4]
V  [jvm.dll+0x2a6f5a]
V  [jvm.dll+0x2a80f8]
V  [jvm.dll+0x75e241]
V  [jvm.dll+0x3341c4]
V  [jvm.dll+0x73e926]
V  [jvm.dll+0x3b7557]
V  [jvm.dll+0x3b8fe1]
C  [jli.dll+0x52fb]
C  [ucrtbase.dll+0x210b2]
C  [KERNEL32.DLL+0x17c24]
C  [ntdll.dll+0x6d721]


---------------  P R O C E S S  ---------------

Threads class SMR info:
_java_thread_list=0x00007fffd0154ff0, length=0, elements={
}

Java Threads: ( => current thread )

Other Threads:
  0x00000219ffbb3250 GCTaskThread "GC Thread#0" [stack: 0x000000bce4e00000,0x000000bce4f00000] [id=7768]
  0x00000219ffbc4700 ConcurrentGCThread "G1 Main Marker" [stack: 0x000000bce4f00000,0x000000bce5000000] [id=13652]
  0x00000219ffbc5370 ConcurrentGCThread "G1 Conc#0" [stack: 0x000000bce5000000,0x000000bce5100000] [id=2336]

[error occurred during error reporting (printing all threads), id 0xc0000005, EXCEPTION_ACCESS_VIOLATION (0xc0000005) at pc=0x00007fffcf947e27]

VM state: not at safepoint (not fully initialized)

VM Mutex/Monitor currently owned by a thread:  ([mutex/lock_event])
[0x00000219ffb6fc90] Heap_lock - owner thread: 0x00000219ffb72550

Heap address: 0x0000000082e00000, size: 2002 MB, Compressed Oops mode: 32-bit
CDS archive(s) mapped at: [0x0000000000000000-0x0000000000000000-0x0000000000000000), size 0, SharedBaseAddress: 0x0000000800000000, ArchiveRelocationMode: 0.
Narrow klass base: 0x0000000000000000, Narrow klass shift: 0, Narrow klass range: 0x0

Heap:
 garbage-first heap   total 129024K, used 0K [0x0000000082e00000, 0x0000000100000000)
  region size 1024K, 0 young (0K), 0 survivors (0K)
 Metaspace       used 0K, capacity 0K, committed 0K, reserved 0K
  class space    used 0K, capacity 0K, committed 0K, reserved 0K

Heap Regions: E=young(eden), S=young(survivor), O=old, HS=humongous(starts), HC=humongous(continues), CS=collection set, F=free, OA=open archive, CA=closed archive, TAMS=top-at-mark-start (previous, next)

Card table byte_map: [0x0000021997cc0000,0x00000219980b0000] _byte_map_base: 0x00000219978a9000

Marking Bits (Prev, Next): (CMBitMap*) 0x00000219ffbb3ac0, (CMBitMap*) 0x00000219ffbb3b00
 Prev Bits: [0x00000219984a0000, 0x000002199a3e8000)
 Next Bits: [0x000002199a3f0000, 0x000002199c338000)

GC Heap History (0 events):
No events

Deoptimization events (0 events):
No events

Classes unloaded (0 events):
No events

Classes redefined (0 events):
No events

Internal exceptions (0 events):
No events

Events (1 events):
Event: 0.007 Loaded shared library C:\Program Files\Java\jdk-15.0.2\bin\java.dll


Dynamic libraries:
0x00007ff6e5780000 - 0x00007ff6e578f000 	C:\Program Files\Java\jdk-15.0.2\bin\javaw.exe
0x00007ff82c600000 - 0x00007ff82c7f0000 	C:\WINDOWS\SYSTEM32\ntdll.dll
0x00007ff82a9b0000 - 0x00007ff82aa62000 	C:\WINDOWS\System32\KERNEL32.DLL
0x00007ff82a180000 - 0x00007ff82a425000 	C:\WINDOWS\System32\KERNELBASE.dll
0x00007ff829fe0000 - 0x00007ff82a0da000 	C:\WINDOWS\System32\ucrtbase.dll
0x00007ff813b60000 - 0x00007ff813b78000 	C:\Program Files\Java\jdk-15.0.2\bin\jli.dll
0x00007ff813340000 - 0x00007ff813359000 	C:\Program Files\Java\jdk-15.0.2\bin\VCRUNTIME140.dll
0x00007ff82aa70000 - 0x00007ff82ab13000 	C:\WINDOWS\System32\ADVAPI32.dll
0x00007ff82ac10000 - 0x00007ff82acae000 	C:\WINDOWS\System32\msvcrt.dll
0x00007ff82a6b0000 - 0x00007ff82a747000 	C:\WINDOWS\System32\sechost.dll
0x00007ff82c300000 - 0x00007ff82c41f000 	C:\WINDOWS\System32\RPCRT4.dll
0x00007ff82b1a0000 - 0x00007ff82b334000 	C:\WINDOWS\System32\USER32.dll
0x00007ff82a680000 - 0x00007ff82a6a1000 	C:\WINDOWS\System32\win32u.dll
0x00007ff812170000 - 0x00007ff8123f4000 	C:\WINDOWS\WinSxS\amd64_microsoft.windows.common-controls_6595b64144ccf1df_6.0.18362.1500_none_9e79be6de462295c\COMCTL32.dll
0x00007ff82c220000 - 0x00007ff82c246000 	C:\WINDOWS\System32\GDI32.dll
0x00007ff82beb0000 - 0x00007ff82c1e6000 	C:\WINDOWS\System32\combase.dll
0x00007ff829570000 - 0x00007ff829708000 	C:\WINDOWS\System32\gdi32full.dll
0x00007ff82a5f0000 - 0x00007ff82a671000 	C:\WINDOWS\System32\bcryptPrimitives.dll
0x00007ff829710000 - 0x00007ff8297ae000 	C:\WINDOWS\System32\msvcp_win.dll
0x00007ff8224f0000 - 0x00007ff8224fa000 	C:\WINDOWS\SYSTEM32\VERSION.dll
0x00007ff82c1f0000 - 0x00007ff82c21e000 	C:\WINDOWS\System32\IMM32.DLL
0x00007ff816d60000 - 0x00007ff816d6c000 	C:\Program Files\Java\jdk-15.0.2\bin\vcruntime140_1.dll
0x00007ffff4df0000 - 0x00007ffff4e81000 	C:\Program Files\Java\jdk-15.0.2\bin\msvcp140.dll
0x00007fffcf690000 - 0x00007fffd01ee000 	C:\Program Files\Java\jdk-15.0.2\bin\server\jvm.dll
0x00007ff82be80000 - 0x00007ff82be88000 	C:\WINDOWS\System32\PSAPI.DLL
0x00007ff8266a0000 - 0x00007ff8266c4000 	C:\WINDOWS\SYSTEM32\WINMM.dll
0x00007ff814fd0000 - 0x00007ff814fd9000 	C:\WINDOWS\SYSTEM32\WSOCK32.dll
0x00007ff82bc50000 - 0x00007ff82bcbf000 	C:\WINDOWS\System32\WS2_32.dll
0x00007ff826670000 - 0x00007ff82669d000 	C:\WINDOWS\SYSTEM32\WINMMBASE.dll
0x00007ff82a0e0000 - 0x00007ff82a12a000 	C:\WINDOWS\System32\cfgmgr32.dll
0x00007ff8294c0000 - 0x00007ff8294d1000 	C:\WINDOWS\System32\kernel.appcore.dll
0x00007ff812bb0000 - 0x00007ff812bba000 	C:\Program Files\Java\jdk-15.0.2\bin\jimage.dll
0x00007ff827d90000 - 0x00007ff827f84000 	C:\WINDOWS\SYSTEM32\DBGHELP.DLL
0x00007ff8156e0000 - 0x00007ff81570a000 	C:\WINDOWS\SYSTEM32\dbgcore.DLL
0x00007ff80ad70000 - 0x00007ff80ad95000 	C:\Program Files\Java\jdk-15.0.2\bin\java.dll

dbghelp: loaded successfully - version: 4.0.5 - missing functions: none
symbol engine: initialized successfully - sym options: 0x614 - pdb path: .;C:\Program Files\Java\jdk-15.0.2\bin;C:\WINDOWS\SYSTEM32;C:\WINDOWS\WinSxS\amd64_microsoft.windows.common-controls_6595b64144ccf1df_6.0.18362.1500_none_9e79be6de462295c;C:\Program Files\Java\jdk-15.0.2\bin\server

VM Arguments:
jvm_args: --module-path=D:\javafx-sdk-16\lib --add-modules=javafx.controls,javafx.fxml -Dfile.encoding=Cp1252 -XX:+ShowCodeDetailsInExceptionMessages 
java_command: test.Main
java_class_path (initial): D:\Don't Click Here\2020-2\OOP\OOLT.20202.20184139.NguyenHoangLong\Lab09Rework\bin;D:\javafx-sdk-16\lib\javafx.base.jar;D:\javafx-sdk-16\lib\javafx.controls.jar;D:\javafx-sdk-16\lib\javafx.fxml.jar;D:\javafx-sdk-16\lib\javafx.graphics.jar;D:\javafx-sdk-16\lib\javafx.media.jar;D:\javafx-sdk-16\lib\javafx.swing.jar;D:\javafx-sdk-16\lib\javafx.web.jar;D:\javafx-sdk-16\lib\javafx-swt.jar
Launcher Type: SUN_STANDARD

[Global flags]
     intx CICompilerCount                          = 4                                         {product} {ergonomic}
     uint ConcGCThreads                            = 2                                         {product} {ergonomic}
     uint G1ConcRefinementThreads                  = 8                                         {product} {ergonomic}
   size_t G1HeapRegionSize                         = 1048576                                   {product} {ergonomic}
    uintx GCDrainStackTargetSize                   = 64                                        {product} {ergonomic}
   size_t InitialHeapSize                          = 132120576                                 {product} {ergonomic}
   size_t MarkStackSize                            = 4194304                                   {product} {ergonomic}
   size_t MaxHeapSize                              = 2099249152                                {product} {ergonomic}
   size_t MinHeapDeltaBytes                        = 1048576                                   {product} {ergonomic}
   size_t MinHeapSize                              = 8388608                                   {product} {ergonomic}
    uintx NonNMethodCodeHeapSize                   = 5839372                                {pd product} {ergonomic}
    uintx NonProfiledCodeHeapSize                  = 122909434                              {pd product} {ergonomic}
    uintx ProfiledCodeHeapSize                     = 122909434                              {pd product} {ergonomic}
    uintx ReservedCodeCacheSize                    = 251658240                              {pd product} {ergonomic}
     bool SegmentedCodeCache                       = true                                      {product} {ergonomic}
     bool ShowCodeDetailsInExceptionMessages       = true                                   {manageable} {command line}
   size_t SoftMaxHeapSize                          = 2099249152                             {manageable} {ergonomic}
     bool UseCompressedClassPointers               = true                                 {lp64_product} {ergonomic}
     bool UseCompressedOops                        = true                                 {lp64_product} {ergonomic}
     bool UseG1GC                                  = true                                      {product} {ergonomic}
     bool UseLargePagesIndividualAllocation        = false                                  {pd product} {ergonomic}

Logging:
Log output configuration:
 #0: stdout all=warning uptime,level,tags
 #1: stderr all=off uptime,level,tags

Environment Variables:
PATH=C:\Program Files\Common Files\Oracle\Java\javapath;C:\WINDOWS\system32;C:\WINDOWS;C:\WINDOWS\System32\Wbem;C:\WINDOWS\System32\WindowsPowerShell\v1.0\;C:\WINDOWS\System32\OpenSSH\;C:\Program Files\Java\jdk-15.0.2\bin;C:\Program Files\Git\cmd;C:\Program Files\nodejs\;C:\ProgramData\chocolatey\bin;C:\Program Files (x86)\Intel\Intel(R) Management Engine Components\DAL;C:\Program Files\Intel\Intel(R) Management Engine Components\DAL;C:\Users\MrComputer\AppData\Local\Microsoft\WindowsApps;C:\Users\MrComputer\AppData\Local\Programs\Microsoft VS Code\bin;C:\Program Files (x86)\Dev-Cpp\MinGW64\bin;C:\Users\MrComputer\AppData\Roaming\npm
USERNAME=MrComputer
OS=Windows_NT
PROCESSOR_IDENTIFIER=Intel64 Family 6 Model 142 Stepping 10, GenuineIntel



---------------  S Y S T E M  ---------------

OS:
 Windows 10 , 64 bit Build 18362 (10.0.18362.1500)
OS uptime: 2 days 18:37 hours

CPU: total 8 (initial active 8) (4 cores per cpu, 2 threads per core) family 6 model 142 stepping 10 microcode 0xe0, cmov, cx8, fxsr, mmx, sse, sse2, sse3, ssse3, sse4.1, sse4.2, popcnt, vzeroupper, avx, avx2, aes, clmul, erms, 3dnowpref, lzcnt, ht, tsc, tscinvbit, bmi1, bmi2, adx, fma, clflush, clflushopt

Memory: 4k page, system-wide physical 8000M (1159M free)
TotalPageFile size 18194M (AvailPageFile size 89M)
current process WorkingSet (physical memory assigned to process): 10M, peak: 10M
current process commit charge ("private bytes"): 60M, peak: 186M

vm_info: Java HotSpot(TM) 64-Bit Server VM (15.0.2+7-27) for windows-amd64 JRE (15.0.2+7-27), built on Dec  7 2020 20:07:01 by "mach5one" with unknown MS VC++:1925

END.
